app/build/intermediates/manifest_merge_blame_file/debug/manifest-merger-blame-debug-report.txt
1<?xml version="1.0" encoding="utf-8"?>
2<manifest xmlns:android="http://schemas.android.com/apk/res/android"
3    package="com.tencent.yolov8ncnn"
4    android:versionCode="1"
5    android:versionName="1.1" >
6
7    <uses-sdk
8        android:minSdkVersion="24"
8-->src\main\AndroidManifest.xml
9        android:targetSdkVersion="24" />
9-->[com.microsoft.onnxruntime:onnxruntime-android:1.12.1] AndroidManifest.xml:9:9-38
10
11    <application
11-->src\main\AndroidManifest.xml:8:5-17:19
12        android:debuggable="true"
13        android:extractNativeLibs="false"
14        android:label="@string/app_name"
14-->src\main\AndroidManifest.xml:8:18-50
15        android:testOnly="true" >
16        <activity
16-->src\main\AndroidManifest.xml:9:9-16:20
17            android:name="com.tencent.yolov8ncnn.MainActivity"
17-->src\main\AndroidManifest.xml:9:19-46
18            android:label="@string/app_name"
18-->src\main\AndroidManifest.xml:10:19-51
19            android:screenOrientation="portrait" >
19-->src\main\AndroidManifest.xml:11:19-55
20            <intent-filter>
20-->src\main\AndroidManifest.xml:12:13-15:29
21                <action android:name="android.intent.action.MAIN" />
21-->src\main\AndroidManifest.xml:13:17-69
21-->src\main\AndroidManifest.xml:13:25-66
22
23                <category android:name="android.intent.category.LAUNCHER" />
23-->src\main\AndroidManifest.xml:14:17-77
23-->src\main\AndroidManifest.xml:14:27-74
24            </intent-filter>
25        </activity>
26    </application>
27
28</manifest>